Command line:
   pomweracki_registar_tb_isim_beh.exe
     -simmode  gui
     -simrunnum  0
     -socket  56093

Wed Dec  5 16:01:27 2018


 Elaboration Time: 0.04 sec

 Current Memory Usage: 183.587 Meg

 Total Signals          : 21
 Total Nets             : 56
 Total Signal Drivers   : 13
 Total Blocks           : 3
 Total Primitive Blocks : 2
 Total Processes        : 8
 Total Traceable Variables  : 9
 Total Scalar Nets and Variables : 417
In process pomeracki_registar.vhd:73 
 Target Size 8 and source size 7 for array dimension 0 does not match. 

In process pomeracki_registar.vhd:73 
 Target Size 8 and source size 7 for array dimension 0 does not match. 


 Total Simulation Time: 0.05 sec

 Current Memory Usage: 259.088 Meg

Wed Dec  5 16:01:51 2018

