Command line:
   cbps02_cbps02_sch_tb_isim_beh.exe
     -simmode  gui
     -simrunnum  0
     -socket  35935

Thu Nov  1 17:04:26 2018


 Elaboration Time: 0.05 sec

 Current Memory Usage: 185.75 Meg

 Total Signals          : 128
 Total Nets             : 54
 Total Signal Drivers   : 29
 Total Blocks           : 26
 Total Primitive Blocks : 24
 Total Processes        : 22
 Total Traceable Variables  : 13
 Total Scalar Nets and Variables : 537
Total Line Count : 76

 Total Simulation Time: 0.06 sec

 Current Memory Usage: 261.251 Meg

Thu Nov  1 17:04:49 2018

