Command line:
   z01_tb_isim_beh.exe
     -simmode  gui
     -simrunnum  0
     -socket  57535

Sat Dec  8 15:25:16 2018


 Elaboration Time: 0.1 sec

 Current Memory Usage: 183.669 Meg

 Total Signals          : 23
 Total Nets             : 106
 Total Signal Drivers   : 16
 Total Blocks           : 5
 Total Primitive Blocks : 4
 Total Processes        : 14
 Total Traceable Variables  : 11
 Total Scalar Nets and Variables : 485
Total Line Count : 40

 Total Simulation Time: 0.11 sec

 Current Memory Usage: 259.17 Meg

Sat Dec  8 15:26:36 2018

