Command line:
   zad_tb_isim_beh.exe
     -simmode  gui
     -simrunnum  0
     -socket  43317

Mon Jan 21 17:58:24 2019


 Elaboration Time: 0.05 sec

 Current Memory Usage: 184.721 Meg

 Total Signals          : 161
 Total Nets             : 1150
 Total Signal Drivers   : 54
 Total Blocks           : 30
 Total Primitive Blocks : 19
 Total Processes        : 43
 Total Traceable Variables  : 24
 Total Scalar Nets and Variables : 1660
Total Line Count : 300

 Total Simulation Time: 0.07 sec

 Current Memory Usage: 260.223 Meg

Mon Jan 21 17:59:18 2019

