--------------------------------------------------------------------------------
Release 14.7 Trace  (lin64)
Copyright (c) 1995-2013 Xilinx, Inc.  All rights reserved.

/opt/Xilinx/14.7/ISE_DS/ISE/bin/lin64/unwrapped/trce -intstyle ise -v 3 -s 2 -n
3 -fastpaths -xml cetBitniPuniSabirac.twx cetBitniPuniSabirac.ncd -o
cetBitniPuniSabirac.twr cetBitniPuniSabirac.pcf

Design file:              cetBitniPuniSabirac.ncd
Physical constraint file: cetBitniPuniSabirac.pcf
Device,package,speed:     xc6slx45,fgg676,C,-2 (PRODUCTION 1.23 2013-10-13)
Report level:             verbose report

Environment Variable      Effect 
--------------------      ------ 
NONE                      No environment variables were set
--------------------------------------------------------------------------------

INFO:Timing:2698 - No timing constraints found, doing default enumeration.
INFO:Timing:3412 - To improve timing, see the Timing Closure User Guide (UG612).
INFO:Timing:2752 - To get complete path coverage, use the unconstrained paths 
   option. All paths that are not constrained will be reported in the 
   unconstrained paths section(s) of the report.
INFO:Timing:3339 - The clock-to-out numbers in this timing report are based on 
   a 50 Ohm transmission line loading model.  For the details of this model, 
   and for more information on accounting for different loading conditions, 
   please see the device datasheet.



Data Sheet report:
-----------------
All values displayed in nanoseconds (ns)

Pad to Pad
---------------+---------------+---------+
Source Pad     |Destination Pad|  Delay  |
---------------+---------------+---------+
iA0            |oS0            |    8.474|
iA1            |oS1            |    8.782|
iA2            |oS2            |    8.126|
iA3            |oS3            |    8.885|
iB0            |oS0            |    8.558|
iB1            |oS1            |    8.416|
iB2            |oS2            |    8.095|
iB3            |oS3            |    8.544|
iC0            |oS0            |    8.496|
iC1            |oS1            |    8.836|
iC2            |oS2            |    8.249|
iC3            |oS3            |    8.728|
---------------+---------------+---------+


Analysis completed Sun Oct 28 09:44:22 2018 
--------------------------------------------------------------------------------

Trace Settings:
-------------------------
Trace Settings 

Peak Memory Usage: 425 MB



