Command line:
   zad01_tb_isim_beh.exe
     -simmode  gui
     -simrunnum  0
     -socket  34505

Fri Oct 26 17:59:21 2018


 Elaboration Time: 0.02 sec

 Current Memory Usage: 185.905 Meg

 Total Signals          : 6
 Total Nets             : 3
 Total Signal Drivers   : 3
 Total Blocks           : 3
 Total Primitive Blocks : 2
 Total Processes        : 2
 Total Traceable Variables  : 8
 Total Scalar Nets and Variables : 363
Total Line Count : 14

 Total Simulation Time: 0.05 sec

 Current Memory Usage: 261.407 Meg

Fri Oct 26 17:59:39 2018

