Command line:
   z02_tb_isim_beh.exe
     -simmode  gui
     -simrunnum  0
     -socket  35561

Sat Dec  8 00:51:04 2018


 Elaboration Time: 0.05 sec

 Current Memory Usage: 183.665 Meg

 Total Signals          : 20
 Total Nets             : 237
 Total Signal Drivers   : 14
 Total Blocks           : 5
 Total Primitive Blocks : 4
 Total Processes        : 8
 Total Traceable Variables  : 11
 Total Scalar Nets and Variables : 616
Total Line Count : 36

 Total Simulation Time: 0.07 sec

 Current Memory Usage: 259.166 Meg

Sat Dec  8 00:51:42 2018

