Command line:
   control_unit_isim_beh.exe
     -simmode  gui
     -simrunnum  0
     -socket  42473

Sat Jan  5 15:57:26 2019


 Elaboration Time: 0.04 sec

 Current Memory Usage: 183.665 Meg

 Total Signals          : 15
 Total Nets             : 37
 Total Signal Drivers   : 11
 Total Blocks           : 4
 Total Primitive Blocks : 4
 Total Processes        : 5
 Total Traceable Variables  : 10
 Total Scalar Nets and Variables : 415
Total Line Count : 37

 Total Simulation Time: 0.05 sec

 Current Memory Usage: 259.166 Meg

Sat Jan  5 15:57:37 2019

