Running: /opt/Xilinx/14.7/ISE_DS/ISE/bin/lin64/unwrapped/fuse -intstyle ise -incremental -lib secureip -o /home/jigsaw/workspace/xilinx/v02/zad01/zad01_tb_isim_beh.exe -prj /home/jigsaw/workspace/xilinx/v02/zad01/zad01_tb_beh.prj work.zad01_tb 
ISim P.20131013 (signature 0xfbc00daa)
Number of CPUs detected in this system: 2
Turning on mult-threading, number of parallel sub-compilation jobs: 4 
Determining compilation order of HDL files
Parsing VHDL file "/home/jigsaw/workspace/xilinx/v02/zad01/zad01.vhd" into library work
Parsing VHDL file "/home/jigsaw/workspace/xilinx/v02/zad01/zad01_tb.vhd" into library work
Starting static elaboration
Completed static elaboration
Fuse Memory Usage: 84928 KB
Fuse CPU Usage: 1140 ms
Compiling package standard
Compiling package std_logic_1164
Compiling architecture behavioral of entity zad01 [zad01_default]
Compiling architecture behavior of entity zad01_tb
Time Resolution for simulation is 1ps.
Waiting for 1 sub-compilation(s) to finish...
Compiled 5 VHDL Units
Built simulation executable /home/jigsaw/workspace/xilinx/v02/zad01/zad01_tb_isim_beh.exe
Fuse Memory Usage: 388544 KB
Fuse CPU Usage: 1170 ms
GCC CPU Usage: 720 ms
