Command line:
   cbps01_isim_beh.exe
     -simmode  gui
     -simrunnum  0
     -socket  36879

Sun Oct 28 11:51:15 2018


 Elaboration Time: 0.01 sec

 Current Memory Usage: 185.75 Meg

 Total Signals          : 117
 Total Nets             : 57
 Total Signal Drivers   : 23
 Total Blocks           : 24
 Total Primitive Blocks : 23
 Total Processes        : 23
 Total Traceable Variables  : 13
 Total Scalar Nets and Variables : 540
Total Line Count : 23

 Total Simulation Time: 0.05 sec

 Current Memory Usage: 261.251 Meg

Sun Oct 28 11:51:43 2018

