#-----------------------------------------------------------
# PlanAhead v14.7 (64-bit)
# Build 321239 by xbuild on Fri Sep 27 19:24:36 MDT 2013
# Start of session at: Thu Nov  1 17:05:04 2018
# Process ID: 1696
# Log file: /home/hk-47/workspace/xilinx/_domaci/d1/cbps02/planAhead_run_2/planAhead.log
# Journal file: /home/hk-47/workspace/xilinx/_domaci/d1/cbps02/planAhead_run_2/planAhead.jou
#-----------------------------------------------------------
INFO: [Common 17-78] Attempting to get a license: PlanAhead
INFO: [Common 17-290] Got license for PlanAhead
INFO: [Device 21-36] Loading parts and site information from /opt/Xilinx/14.7/ISE_DS/PlanAhead/data/parts/arch.xml
Parsing RTL primitives file [/opt/Xilinx/14.7/ISE_DS/PlanAhead/data/parts/xilinx/rtl/prims/rtl_prims.xml]
Finished parsing RTL primitives file [/opt/Xilinx/14.7/ISE_DS/PlanAhead/data/parts/xilinx/rtl/prims/rtl_prims.xml]
start_gui
source /home/hk-47/workspace/xilinx/_domaci/d1/cbps02/pa.fromHdl.tcl
# create_project -name cbps02 -dir "/home/hk-47/workspace/xilinx/_domaci/d1/cbps02/planAhead_run_2" -part xc6slx45fgg676-2
create_project: Time (s): cpu = 00:00:12 ; elapsed = 00:00:05 . Memory (MB): peak = 2692.250 ; gain = 20.125
# set_param project.pinAheadLayout yes
# set srcset [get_property srcset [current_run -impl]]
# set_property target_constrs_file "cbps02.ucf" [current_fileset -constrset]
Adding file '/home/hk-47/workspace/xilinx/_domaci/d1/cbps02/cbps02.ucf' to fileset 'constrs_1'
# set hdlfile [add_files [list {cbps02.vhf}]]
# set_property file_type VHDL $hdlfile
# set_property library work $hdlfile
# set_property top cbps02 $srcset
# add_files [list {cbps02.ucf}] -fileset [get_property constrset [current_run]]
# open_rtl_design -part xc6slx45fgg676-2
Using Verific elaboration
Parsing VHDL file "/opt/Xilinx/14.7/ISE_DS/PlanAhead/data/parts/xilinx/rtl/lib/synplify/synattr.vhd" into library synplify
Parsing VHDL file "/opt/Xilinx/14.7/ISE_DS/PlanAhead/data/parts/xilinx/rtl/lib/synplify/synattr.vhd" into library synplify
Parsing VHDL file "/home/hk-47/workspace/xilinx/_domaci/d1/cbps02/cbps02.vhf" into library work
Loading clock regions from /opt/Xilinx/14.7/ISE_DS/PlanAhead/data/parts/xilinx/spartan6/spartan6lx/xc6slx45/ClockRegion.xml
Loading clock buffers from /opt/Xilinx/14.7/ISE_DS/PlanAhead/data/parts/xilinx/spartan6/spartan6lx/xc6slx45/ClockBuffers.xml
Loading package pin functions from /opt/Xilinx/14.7/ISE_DS/PlanAhead/data/parts/xilinx/spartan6/PinFunctions.xml...
Loading package from /opt/Xilinx/14.7/ISE_DS/PlanAhead/data/parts/xilinx/spartan6/spartan6lx/xc6slx45/fgg676/Package.xml
Loading io standards from /opt/Xilinx/14.7/ISE_DS/PlanAhead/data/./parts/xilinx/spartan6/IOStandards.xml
Loading device configuration modes from /opt/Xilinx/14.7/ISE_DS/PlanAhead/data/parts/xilinx/spartan6/ConfigModes.xml
Loading list of drcs for the architecture : /opt/Xilinx/14.7/ISE_DS/PlanAhead/data/./parts/xilinx/spartan6/drc.xml
Parsing UCF File [/home/hk-47/workspace/xilinx/_domaci/d1/cbps02/cbps02.ucf]
Finished Parsing UCF File [/home/hk-47/workspace/xilinx/_domaci/d1/cbps02/cbps02.ucf]
INFO: [Project 1-111] Unisim Transformation Summary:
No Unisim elements were transformed.

Phase 0 | Netlist Checksum: 001fb077
open_rtl_design: Time (s): cpu = 00:00:42 ; elapsed = 00:00:24 . Memory (MB): peak = 2865.941 ; gain = 164.715
update_compile_order -fileset sim_1
exit
ERROR: [#UNDEF] *** Exception: ui.h.b: Found deleted key in HTclEventBroker. Verify if the classes listed here call cleanup()
HTclEvent: DEBUG_CORE_CONFIG_CHANGE   Classes: ui.views.aR 
HTclEvent: DEBUG_PORT_CONFIG_CHANGE   Classes: ui.views.aR 
HTclEvent: SIGNAL_BUS_MODIFY   Classes: ui.views.aR 
HTclEvent: SIGNAL_MODIFY   Classes: ui.views.aR 
 (See /home/hk-47/workspace/xilinx/_domaci/d1/cbps02/planAhead_pid1696.debug)
ERROR: [Common 17-39] 'stop_gui' failed due to earlier errors.
INFO: [Common 17-206] Exiting PlanAhead at Thu Nov  1 17:06:32 2018...
INFO: [Common 17-83] Releasing license: PlanAhead
