Command line:
   brojac_tb_isim_beh.exe
     -simmode  gui
     -simrunnum  0
     -socket  40789

Wed Dec  5 10:47:36 2018


 Elaboration Time: 0.04 sec

 Current Memory Usage: 183.665 Meg

 Total Signals          : 9
 Total Nets             : 19
 Total Signal Drivers   : 5
 Total Blocks           : 5
 Total Primitive Blocks : 4
 Total Processes        : 4
 Total Traceable Variables  : 11
 Total Scalar Nets and Variables : 398
Total Line Count : 30

 Total Simulation Time: 0.08 sec

 Current Memory Usage: 259.166 Meg

Wed Dec  5 10:53:25 2018

