Running: /opt/Xilinx/14.7/ISE_DS/ISE/bin/lin64/unwrapped/fuse -intstyle ise -incremental -lib secureip -o /home/hk-47/workspace/xilinx/v04/pomeracki_registar/pomweracki_registar_tb_isim_beh.exe -prj /home/hk-47/workspace/xilinx/v04/pomeracki_registar/pomweracki_registar_tb_beh.prj work.pomweracki_registar_tb 
ISim P.20131013 (signature 0xfbc00daa)
Number of CPUs detected in this system: 4
Turning on mult-threading, number of parallel sub-compilation jobs: 8 
Determining compilation order of HDL files
Parsing VHDL file "/home/hk-47/workspace/xilinx/v04/pomeracki_registar/pomeracki_registar.vhd" into library work
Parsing VHDL file "/home/hk-47/workspace/xilinx/v04/pomeracki_registar/pomweracki_registar_tb.vhd" into library work
Starting static elaboration
Completed static elaboration
Fuse Memory Usage: 83040 KB
Fuse CPU Usage: 1900 ms
Compiling package standard
Compiling package std_logic_1164
Compiling architecture behavioral of entity pomeracki_registar [pomeracki_registar_default]
Compiling architecture behavior of entity pomweracki_registar_tb
Time Resolution for simulation is 1ps.
Waiting for 1 sub-compilation(s) to finish...
Compiled 5 VHDL Units
Built simulation executable /home/hk-47/workspace/xilinx/v04/pomeracki_registar/pomweracki_registar_tb_isim_beh.exe
Fuse Memory Usage: 648700 KB
Fuse CPU Usage: 1970 ms
GCC CPU Usage: 2000 ms
