ISim log file
Running: /home/hk-47/workspace/xilinx/v04/pomeracki_registar/pomweracki_registar_tb_isim_beh.exe -intstyle ise -gui -tclbatch isim.cmd -wdb /home/hk-47/workspace/xilinx/v04/pomeracki_registar/pomweracki_registar_tb_isim_beh.wdb 
ISim P.20131013 (signature 0xfbc00daa)
WARNING: A WEBPACK license was found.
WARNING: Please use Xilinx License Configuration Manager to check out a full ISim license.
WARNING: ISim will run in Lite mode. Please refer to the ISim documentation for more information on the differences between the Lite and the Full version.
This is a Lite version of ISim.
Time resolution is 1 ps
# onerror resume
# wave add /
# run 1000 ns
Simulator is doing circuit initialization process.
ERROR: In process pomeracki_registar.vhd:73 
 Target Size 8 and source size 7 for array dimension 0 does not match. 

INFO: Simulator is stopped.
# restart
# run 1.00us
Simulator is doing circuit initialization process.
ERROR: In process pomeracki_registar.vhd:73 
 Target Size 8 and source size 7 for array dimension 0 does not match. 

INFO: Simulator is stopped.
# exit 0
