Command line:
   cetBitniPuniSabirac_tb_isim_beh.exe
     -simmode  gui
     -simrunnum  0
     -socket  44857

Sun Oct 28 09:46:32 2018


 Elaboration Time: 0.04 sec

 Current Memory Usage: 185.672 Meg

 Total Signals          : 45
 Total Nets             : 25
 Total Signal Drivers   : 20
 Total Blocks           : 3
 Total Primitive Blocks : 2
 Total Processes        : 9
 Total Traceable Variables  : 8
 Total Scalar Nets and Variables : 385
Total Line Count : 126

 Total Simulation Time: 0.53 sec

 Current Memory Usage: 261.173 Meg

Sun Oct 28 09:47:08 2018

