Running: /opt/Xilinx/14.7/ISE_DS/ISE/bin/lin64/unwrapped/fuse -intstyle ise -incremental -lib secureip -o /home/hk-47/workspace/xilinx/_domaci/d1/cbps00/cbps00_tb_isim_beh.exe -prj /home/hk-47/workspace/xilinx/_domaci/d1/cbps00/cbps00_tb_beh.prj work.cbps00_tb 
ISim P.20131013 (signature 0xfbc00daa)
Number of CPUs detected in this system: 4
Turning on mult-threading, number of parallel sub-compilation jobs: 8 
Determining compilation order of HDL files
Parsing VHDL file "/home/hk-47/workspace/xilinx/_domaci/d1/cbps00/cbps00.vhf" into library work
Parsing VHDL file "/home/hk-47/workspace/xilinx/_domaci/d1/cbps00/cbps00_tb.vhd" into library work
Starting static elaboration
Completed static elaboration
Fuse Memory Usage: 102516 KB
Fuse CPU Usage: 2080 ms
Compiling package standard
Compiling package std_logic_1164
Compiling package numeric_std
Compiling package vcomponents
Compiling architecture xor2_v of entity XOR2 [xor2_default]
Compiling architecture and2_v of entity AND2 [and2_default]
Compiling architecture or2_v of entity OR2 [or2_default]
Compiling architecture behavioral of entity cbps00 [cbps00_default]
Compiling architecture behavior of entity cbps00_tb
Time Resolution for simulation is 1ps.
Waiting for 1 sub-compilation(s) to finish...
Compiled 13 VHDL Units
Built simulation executable /home/hk-47/workspace/xilinx/_domaci/d1/cbps00/cbps00_tb_isim_beh.exe
Fuse Memory Usage: 675540 KB
Fuse CPU Usage: 2350 ms
GCC CPU Usage: 1230 ms
