Command line:
   instr_rom_isim_beh.exe
     -simmode  gui
     -simrunnum  0
     -socket  44529

Sun Jan 20 23:16:12 2019


 Elaboration Time: 0.04 sec

 Current Memory Usage: 183.579 Meg

 Total Signals          : 3
 Total Nets             : 35
 Total Signal Drivers   : 2
 Total Blocks           : 2
 Total Primitive Blocks : 2
 Total Processes        : 2
 Total Traceable Variables  : 8
 Total Scalar Nets and Variables : 395
Total Line Count : 4

 Total Simulation Time: 0.04 sec

 Current Memory Usage: 259.08 Meg

Sun Jan 20 23:16:33 2019

