Command line:
   prototype00_tb_isim_beh.exe
     -simmode  gui
     -simrunnum  0
     -socket  39267

Thu Nov 15 11:27:14 2018


 Elaboration Time: 0.04 sec

 Current Memory Usage: 183.669 Meg

 Total Signals          : 8
 Total Nets             : 28
 Total Signal Drivers   : 7
 Total Blocks           : 5
 Total Primitive Blocks : 4
 Total Processes        : 6
 Total Traceable Variables  : 10
 Total Scalar Nets and Variables : 406
Total Line Count : 22

 Total Simulation Time: 0.04 sec

 Current Memory Usage: 259.17 Meg

Thu Nov 15 11:32:16 2018

