#-----------------------------------------------------------
# PlanAhead v14.7 (64-bit)
# Build 321239 by xbuild on Fri Sep 27 19:24:36 MDT 2013
# Start of session at: Sun Oct 28 19:38:11 2018
# Process ID: 1049
# Log file: /home/hk-47/workspace/xilinx/_domaci/d1/cbps02/planAhead_run_1/planAhead.log
# Journal file: /home/hk-47/workspace/xilinx/_domaci/d1/cbps02/planAhead_run_1/planAhead.jou
#-----------------------------------------------------------
INFO: [Common 17-78] Attempting to get a license: PlanAhead
INFO: [Common 17-290] Got license for PlanAhead
INFO: [Device 21-36] Loading parts and site information from /opt/Xilinx/14.7/ISE_DS/PlanAhead/data/parts/arch.xml
Parsing RTL primitives file [/opt/Xilinx/14.7/ISE_DS/PlanAhead/data/parts/xilinx/rtl/prims/rtl_prims.xml]
Finished parsing RTL primitives file [/opt/Xilinx/14.7/ISE_DS/PlanAhead/data/parts/xilinx/rtl/prims/rtl_prims.xml]
start_gui
source /home/hk-47/workspace/xilinx/_domaci/d1/cbps02/pa.fromHdl.tcl
# create_project -name cbps02 -dir "/home/hk-47/workspace/xilinx/_domaci/d1/cbps02/planAhead_run_1" -part xc6slx45fgg676-2
# set_param project.pinAheadLayout yes
# set srcset [get_property srcset [current_run -impl]]
# set_property target_constrs_file "cbps02.ucf" [current_fileset -constrset]
Adding file '/home/hk-47/workspace/xilinx/_domaci/d1/cbps02/cbps02.ucf' to fileset 'constrs_1'
# set hdlfile [add_files [list {cbps02.vhf}]]
# set_property file_type VHDL $hdlfile
# set_property library work $hdlfile
# set_property top cbps02 $srcset
# add_files [list {cbps02.ucf}] -fileset [get_property constrset [current_run]]
# open_rtl_design -part xc6slx45fgg676-2
Using Verific elaboration
Parsing VHDL file "/opt/Xilinx/14.7/ISE_DS/PlanAhead/data/parts/xilinx/rtl/lib/synplify/synattr.vhd" into library synplify
Parsing VHDL file "/opt/Xilinx/14.7/ISE_DS/PlanAhead/data/parts/xilinx/rtl/lib/synplify/synattr.vhd" into library synplify
Parsing VHDL file "/home/hk-47/workspace/xilinx/_domaci/d1/cbps02/cbps02.vhf" into library work
Loading clock regions from /opt/Xilinx/14.7/ISE_DS/PlanAhead/data/parts/xilinx/spartan6/spartan6lx/xc6slx45/ClockRegion.xml
Loading clock buffers from /opt/Xilinx/14.7/ISE_DS/PlanAhead/data/parts/xilinx/spartan6/spartan6lx/xc6slx45/ClockBuffers.xml
Loading package pin functions from /opt/Xilinx/14.7/ISE_DS/PlanAhead/data/parts/xilinx/spartan6/PinFunctions.xml...
Loading package from /opt/Xilinx/14.7/ISE_DS/PlanAhead/data/parts/xilinx/spartan6/spartan6lx/xc6slx45/fgg676/Package.xml
Loading io standards from /opt/Xilinx/14.7/ISE_DS/PlanAhead/data/./parts/xilinx/spartan6/IOStandards.xml
Loading device configuration modes from /opt/Xilinx/14.7/ISE_DS/PlanAhead/data/parts/xilinx/spartan6/ConfigModes.xml
Loading list of drcs for the architecture : /opt/Xilinx/14.7/ISE_DS/PlanAhead/data/./parts/xilinx/spartan6/drc.xml
Parsing UCF File [/home/hk-47/workspace/xilinx/_domaci/d1/cbps02/cbps02.ucf]
Finished Parsing UCF File [/home/hk-47/workspace/xilinx/_domaci/d1/cbps02/cbps02.ucf]
INFO: [Project 1-111] Unisim Transformation Summary:
No Unisim elements were transformed.

Phase 0 | Netlist Checksum: 001fb077
open_rtl_design: Time (s): cpu = 00:00:41 ; elapsed = 00:00:24 . Memory (MB): peak = 2870.145 ; gain = 162.500
update_compile_order -fileset sim_1
startgroup
set_property package_pin W19 [get_ports iA0]
endgroup
startgroup
set_property package_pin Y24 [get_ports iA1]
endgroup
startgroup
set_property package_pin K19 [get_ports iA2]
endgroup
startgroup
set_property package_pin V24 [get_ports iA3]
endgroup
startgroup
set_property package_pin U20 [get_ports iB0]
endgroup
startgroup
set_property package_pin U23 [get_ports iB1]
endgroup
startgroup
set_property package_pin U24 [get_ports iB2]
endgroup
startgroup
set_property package_pin U19 [get_ports iB3]
endgroup
startgroup
set_property package_pin L23 [get_ports oC]
endgroup
startgroup
set_property package_pin N24 [get_ports oS0]
endgroup
startgroup
set_property package_pin N23 [get_ports oS1]
endgroup
startgroup
set_property package_pin M24 [get_ports oS2]
endgroup
startgroup
set_property package_pin L24 [get_ports oS3]
endgroup
save_constraints
exit
ERROR: [#UNDEF] *** Exception: ui.h.b: Found deleted key in HTclEventBroker. Verify if the classes listed here call cleanup()
HTclEvent: DEBUG_CORE_CONFIG_CHANGE   Classes: ui.views.aR 
HTclEvent: SIGNAL_BUS_MODIFY   Classes: ui.views.aR 
HTclEvent: DEBUG_PORT_CONFIG_CHANGE   Classes: ui.views.aR 
HTclEvent: SIGNAL_MODIFY   Classes: ui.views.aR 
 (See /home/hk-47/workspace/xilinx/_domaci/d1/cbps02/planAhead_pid1049.debug)
ERROR: [Common 17-39] 'stop_gui' failed due to earlier errors.
INFO: [Common 17-206] Exiting PlanAhead at Sun Oct 28 19:41:45 2018...
INFO: [Common 17-83] Releasing license: PlanAhead
