--------------------------------------------------------------------------------
Release 14.7 Trace  (lin64)
Copyright (c) 1995-2013 Xilinx, Inc.  All rights reserved.

/opt/Xilinx/14.7/ISE_DS/ISE/bin/lin64/unwrapped/trce -intstyle ise -v 3 -s 2 -n
3 -fastpaths -xml cbps01.twx cbps01.ncd -o cbps01.twr cbps01.pcf

Design file:              cbps01.ncd
Physical constraint file: cbps01.pcf
Device,package,speed:     xc6slx45,fgg676,C,-2 (PRODUCTION 1.23 2013-10-13)
Report level:             verbose report

Environment Variable      Effect 
--------------------      ------ 
NONE                      No environment variables were set
--------------------------------------------------------------------------------

INFO:Timing:2698 - No timing constraints found, doing default enumeration.
INFO:Timing:3412 - To improve timing, see the Timing Closure User Guide (UG612).
INFO:Timing:2752 - To get complete path coverage, use the unconstrained paths 
   option. All paths that are not constrained will be reported in the 
   unconstrained paths section(s) of the report.
INFO:Timing:3339 - The clock-to-out numbers in this timing report are based on 
   a 50 Ohm transmission line loading model.  For the details of this model, 
   and for more information on accounting for different loading conditions, 
   please see the device datasheet.



Data Sheet report:
-----------------
All values displayed in nanoseconds (ns)

Pad to Pad
---------------+---------------+---------+
Source Pad     |Destination Pad|  Delay  |
---------------+---------------+---------+
iA0            |oC0            |    8.603|
iA0            |oC1            |    9.462|
iA0            |oC2            |    9.661|
iA0            |oC3            |   10.225|
iA0            |oS0            |    9.396|
iA0            |oS1            |    9.418|
iA0            |oS2            |    9.889|
iA0            |oS3            |   10.492|
iA1            |oC1            |    9.436|
iA1            |oC2            |    9.635|
iA1            |oC3            |   10.199|
iA1            |oS1            |    8.964|
iA1            |oS2            |    9.863|
iA1            |oS3            |   10.466|
iA2            |oC2            |    9.334|
iA2            |oC3            |    9.898|
iA2            |oS2            |    9.375|
iA2            |oS3            |   10.165|
iA3            |oC3            |    9.103|
iA3            |oS3            |    8.741|
iB0            |oC0            |    8.663|
iB0            |oC1            |    9.522|
iB0            |oC2            |    9.721|
iB0            |oC3            |   10.285|
iB0            |oS0            |    9.456|
iB0            |oS1            |    9.478|
iB0            |oS2            |    9.949|
iB0            |oS3            |   10.552|
iB1            |oC1            |    9.223|
iB1            |oC2            |    9.422|
iB1            |oC3            |    9.986|
iB1            |oS1            |    8.751|
iB1            |oS2            |    9.650|
iB1            |oS3            |   10.253|
iB2            |oC2            |    9.023|
iB2            |oC3            |    9.587|
iB2            |oS2            |    9.064|
iB2            |oS3            |    9.854|
iB3            |oC3            |    9.183|
iB3            |oS3            |    8.821|
iC0            |oC0            |    8.251|
iC0            |oC1            |    9.110|
iC0            |oC2            |    9.309|
iC0            |oC3            |    9.873|
iC0            |oS0            |    8.382|
iC0            |oS1            |    9.066|
iC0            |oS2            |    9.537|
iC0            |oS3            |   10.140|
---------------+---------------+---------+


Analysis completed Sun Oct 28 11:41:23 2018 
--------------------------------------------------------------------------------

Trace Settings:
-------------------------
Trace Settings 

Peak Memory Usage: 425 MB



