Running: /opt/Xilinx/14.7/ISE_DS/ISE/bin/lin64/unwrapped/fuse -intstyle ise -incremental -lib secureip -o /home/jigsaw/workspace/xilinx/_domaci/d1/cbps01/cbps01_cbps01_sch_tb_isim_beh.exe -prj /home/jigsaw/workspace/xilinx/_domaci/d1/cbps01/cbps01_cbps01_sch_tb_beh.prj work.cbps01_cbps01_sch_tb 
ISim P.20131013 (signature 0xfbc00daa)
Number of CPUs detected in this system: 2
Turning on mult-threading, number of parallel sub-compilation jobs: 4 
Determining compilation order of HDL files
Parsing VHDL file "/home/jigsaw/workspace/xilinx/_domaci/d1/cbps01/cbps01.vhf" into library work
Parsing VHDL file "/home/jigsaw/workspace/xilinx/_domaci/d1/cbps01/cpbs01_tb1.vhd" into library work
Starting static elaboration
Completed static elaboration
Fuse Memory Usage: 102516 KB
Fuse CPU Usage: 1210 ms
Compiling package standard
Compiling package std_logic_1164
Compiling package numeric_std
Compiling package vcomponents
Compiling architecture xor2_v of entity XOR2 [xor2_default]
Compiling architecture and2_v of entity AND2 [and2_default]
Compiling architecture or2_v of entity OR2 [or2_default]
Compiling architecture behavioral of entity cbps01 [cbps01_default]
Compiling architecture behavioral of entity cbps01_cbps01_sch_tb
Time Resolution for simulation is 1ps.
Waiting for 3 sub-compilation(s) to finish...
Compiled 13 VHDL Units
Built simulation executable /home/jigsaw/workspace/xilinx/_domaci/d1/cbps01/cbps01_cbps01_sch_tb_isim_beh.exe
Fuse Memory Usage: 413396 KB
Fuse CPU Usage: 1290 ms
GCC CPU Usage: 400 ms
