Command line:
   cbps00_tb_isim_beh.exe
     -simmode  gui
     -simrunnum  0
     -socket  58653

Sun Oct 28 11:09:56 2018


 Elaboration Time: 0.04 sec

 Current Memory Usage: 185.754 Meg

 Total Signals          : 80
 Total Nets             : 41
 Total Signal Drivers   : 16
 Total Blocks           : 15
 Total Primitive Blocks : 13
 Total Processes        : 12
 Total Traceable Variables  : 13
 Total Scalar Nets and Variables : 524
Total Line Count : 46

 Total Simulation Time: 0.1 sec

 Current Memory Usage: 261.255 Meg

Sun Oct 28 11:10:09 2018

