Command line:
   mux_isim_beh.exe
     -simmode  gui
     -simrunnum  0
     -socket  48849

Sat Jan  5 16:26:16 2019


 Elaboration Time: 0.05 sec

 Current Memory Usage: 183.579 Meg

 Total Signals          : 12
 Total Nets             : 180
 Total Signal Drivers   : 2
 Total Blocks           : 2
 Total Primitive Blocks : 2
 Total Processes        : 2
 Total Traceable Variables  : 8
 Total Scalar Nets and Variables : 540
Total Line Count : 4

 Total Simulation Time: 0.05 sec

 Current Memory Usage: 259.08 Meg

Sat Jan  5 16:26:23 2019

