Command line:
   prototype00_tb_isim_beh.exe
     -simmode  gui
     -simrunnum  0
     -socket  36467

Wed Dec  5 18:33:33 2018


 Elaboration Time: 0.09 sec

 Current Memory Usage: 183.669 Meg

 Total Signals          : 13
 Total Nets             : 71
 Total Signal Drivers   : 9
 Total Blocks           : 5
 Total Primitive Blocks : 4
 Total Processes        : 7
 Total Traceable Variables  : 11
 Total Scalar Nets and Variables : 450
Total Line Count : 25

 Total Simulation Time: 0.11 sec

 Current Memory Usage: 259.17 Meg

Wed Dec  5 18:33:56 2018

